D:\MYPROJECTS\HSM\HSM\DEBUG\HSM.EXE
D:\MYPROJECTS\HSM\HSM\DEBUG\HSM.ILK
D:\MYPROJECTS\HSM\HSM\DEBUG\HSM.PDB
D:\MyProjects\HSM\HSM\HSM\Debug\cl.command.1.tlog
D:\MyProjects\HSM\HSM\HSM\Debug\CL.read.1.tlog
D:\MyProjects\HSM\HSM\HSM\Debug\CL.write.1.tlog
D:\MYPROJECTS\HSM\HSM\HSM\DEBUG\HSM.EXE.INTERMEDIATE.MANIFEST
D:\MYPROJECTS\HSM\HSM\HSM\DEBUG\HSM.OBJ
D:\MyProjects\HSM\HSM\HSM\Debug\HSM.vcxprojResolveAssemblyReference.cache
D:\MyProjects\HSM\HSM\HSM\Debug\HSM.write.1.tlog
D:\MYPROJECTS\HSM\HSM\HSM\DEBUG\HSM_TEST.OBJ
D:\MyProjects\HSM\HSM\HSM\Debug\link.command.1.tlog
D:\MyProjects\HSM\HSM\HSM\Debug\link.read.1.tlog
D:\MyProjects\HSM\HSM\HSM\Debug\link.write.1.tlog
D:\MyProjects\HSM\HSM\HSM\Debug\mt.command.1.tlog
D:\MyProjects\HSM\HSM\HSM\Debug\mt.read.1.tlog
D:\MyProjects\HSM\HSM\HSM\Debug\mt.write.1.tlog
D:\MYPROJECTS\HSM\HSM\HSM\DEBUG\SAMPLEHSM.OBJ
D:\MYPROJECTS\HSM\HSM\HSM\DEBUG\STACK.OBJ
D:\MyProjects\HSM\HSM\HSM\Debug\vc100.idb
D:\MYPROJECTS\HSM\HSM\HSM\DEBUG\VC100.PDB
