Build started 1/15/2015 10:32:30 AM.
     1>Project "D:\MyProjects\HSM\HSM\HSM\HSM.vcxproj" on node 2 (build target(s)).
     1>InitializeBuildStatus:
         Creating "Debug\HSM.unsuccessfulbuild" because "AlwaysCreate" was specified.
       ClCompile:
         C:\Program Files (x86)\Microsoft Visual Studio 10.0\VC\bin\CL.exe /c /ZI /nologo /W3 /WX- /Od /Oy- /D _MBCS /Gm /EHsc /RTC1 /MDd /GS /fp:precise /Zc:wchar_t /Zc:forScope /Fo"Debug\\" /Fd"Debug\vc100.pdb" /Gd /TC /analyze- /errorReport:prompt SampleHSM.c
         SampleHSM.c
       Link:
         C:\Program Files (x86)\Microsoft Visual Studio 10.0\VC\bin\link.exe /ERRORREPORT:PROMPT /OUT:"D:\MyProjects\HSM\HSM\Debug\HSM.exe" /NOLOGO kernel32.lib user32.lib gdi32.lib winspool.lib comdlg32.lib advapi32.lib shell32.lib ole32.lib oleaut32.lib uuid.lib odbc32.lib odbccp32.lib /MANIFEST /ManifestFile:"Debug\HSM.exe.intermediate.manifest" /MANIFESTUAC:"level='asInvoker' uiAccess='false'" /DEBUG /PDB:"D:\MyProjects\HSM\HSM\Debug\HSM.pdb" /TLBID:1 /DYNAMICBASE /NXCOMPAT /IMPLIB:"D:\MyProjects\HSM\HSM\Debug\HSM.lib" /MACHINE:X86 Debug\HSM.obj
         Debug\HSM_test.obj
         Debug\SampleHSM.obj
         Debug\stack.obj
         LINK : D:\MyProjects\HSM\HSM\Debug\HSM.exe not found or not built by the last incremental link; performing full link
         HSM.vcxproj -> D:\MyProjects\HSM\HSM\Debug\HSM.exe
       Manifest:
         C:\Program Files (x86)\Microsoft SDKs\Windows\v7.0A\bin\mt.exe /nologo /verbose /outputresource:"D:\MyProjects\HSM\HSM\Debug\HSM.exe;#1" /manifest Debug\HSM.exe.intermediate.manifest
       FinalizeBuildStatus:
         Deleting file "Debug\HSM.unsuccessfulbuild".
         Touching "Debug\HSM.lastbuildstate".
     1>Done Building Project "D:\MyProjects\HSM\HSM\HSM\HSM.vcxproj" (build target(s)).

Build succeeded.

Time Elapsed 00:00:00.42
